ISim log file
Running: /home/csmajs/kfarr002/my_alu/myalutb_isim_beh.exe -intstyle ise -gui -tclbatch isim.cmd -wdb /home/csmajs/kfarr002/my_alu/myalutb_isim_beh.wdb 
ISim P.68d (signature 0xfbc00daa)
----------------------------------------------------------------------
INFO:Security:50 - The XILINXD_LICENSE_FILE environment variable is set to '2100@elguapo.cs.ucr.edu'.
INFO:Security:53 - The LM_LICENSE_FILE environment variable is not set.
INFO:Security:68a - user is kfarr002, on host indigo-14.cs.ucr.edu.
WARNING:Security:43 - No license file was found in the standard Xilinx license directory.
WARNING:Security:44 - Since no license file was found,
       please run the Xilinx License Configuration Manager
       (xlcm or "Manage Xilinx Licenses")
       to assist in obtaining a license.
ERROR:Security:14 - No feature was available for 'ISIM'.

Cannot connect to license server system.
 The license server manager (lmgrd) has not been started yet,
 the wrong port@host or license file is being used, or the
 port or hostname in the license file has been changed.
Feature:       ISIM
Server name:   elguapo.cs.ucr.edu
License path:  /home/csmajs/kfarr002/.Xilinx/*.lic:/opt/Xilinx/14.6/ISE_DS/ISE//data/*.lic:/opt/Xilinx/14.6/ISE_DS/ISE//coregen/core_licenses/Xilinx.lic:/opt/Xilinx/14.6/ISE_DS/ISE//coregen/core_licenses/XilinxFree.lic:2100@elguapo.cs.ucr.edu:@localhost:
FLEXnet Licensing error:-15,570.  System Error: 115 "Operation now in progress"
For further information, refer to the FLEXnet Licensing documentation,
available at "www.flexerasoftware.com".
----------------------------------------------------------------------
WARNING: A full ISim License cannot be checked out due to the issues listed above. Please use Xilinx License Configuration Manager to fix these issues in order to check out a full ISim license.
WARNING: ISim will run in Lite mode. Please refer to the ISim documentation for more information on the differences between the Lite and the Full version.
This is a Lite version of ISim.
Time resolution is 1 ps
# onerror resume
# wave add /
# run 1000 ns
Simulator is doing circuit initialization process.
Finished circuit initialization process.
TC11 Unsigned Add 
TC12 Unsigned Add 
TC13 Unsigned Add 
TC14 Unsigned Add 
TC15 Unsigned Add 
TC21 Unsigned subs 
TC22 Unsigned subs 
TC23 Unsigned subs 
TC24 Unsigned subs 
