Release 14.6 - xst P.68d (lin64)
Copyright (c) 1995-2013 Xilinx, Inc.  All rights reserved.
--> 
Parameter TMPDIR set to xst/projnav.tmp


Total REAL time to Xst completion: 0.00 secs
Total CPU time to Xst completion: 0.04 secs
 
--> 
Parameter xsthdpdir set to xst


Total REAL time to Xst completion: 0.00 secs
Total CPU time to Xst completion: 0.04 secs
 
--> 
Reading design: my_alu.prj

TABLE OF CONTENTS
  1) Synthesis Options Summary
  2) HDL Compilation
  3) Design Hierarchy Analysis
  4) HDL Analysis
  5) HDL Synthesis
     5.1) HDL Synthesis Report
  6) Advanced HDL Synthesis
     6.1) Advanced HDL Synthesis Report
  7) Low Level Synthesis
  8) Partition Report
  9) Final Report
	9.1) Device utilization summary
	9.2) Partition Resource Summary
	9.3) TIMING REPORT


=========================================================================
*                      Synthesis Options Summary                        *
=========================================================================
---- Source Parameters
Input File Name                    : "my_alu.prj"
Input Format                       : mixed
Ignore Synthesis Constraint File   : NO

---- Target Parameters
Output File Name                   : "my_alu"
Output Format                      : NGC
Target Device                      : xc3s100e-5-vq100

---- Source Options
Top Module Name                    : my_alu
Automatic FSM Extraction           : YES
FSM Encoding Algorithm             : Auto
Safe Implementation                : No
FSM Style                          : LUT
RAM Extraction                     : Yes
RAM Style                          : Auto
ROM Extraction                     : Yes
Mux Style                          : Auto
Decoder Extraction                 : YES
Priority Encoder Extraction        : Yes
Shift Register Extraction          : YES
Logical Shifter Extraction         : YES
XOR Collapsing                     : YES
ROM Style                          : Auto
Mux Extraction                     : Yes
Resource Sharing                   : YES
Asynchronous To Synchronous        : NO
Multiplier Style                   : Auto
Automatic Register Balancing       : No

---- Target Options
Add IO Buffers                     : YES
Global Maximum Fanout              : 100000
Add Generic Clock Buffer(BUFG)     : 24
Register Duplication               : YES
Slice Packing                      : YES
Optimize Instantiated Primitives   : NO
Use Clock Enable                   : Yes
Use Synchronous Set                : Yes
Use Synchronous Reset              : Yes
Pack IO Registers into IOBs        : Auto
Equivalent register Removal        : YES

---- General Options
Optimization Goal                  : Speed
Optimization Effort                : 1
Keep Hierarchy                     : No
Netlist Hierarchy                  : As_Optimized
RTL Output                         : Yes
Global Optimization                : AllClockNets
Read Cores                         : YES
Write Timing Constraints           : NO
Cross Clock Analysis               : NO
Hierarchy Separator                : /
Bus Delimiter                      : <>
Case Specifier                     : Maintain
Slice Utilization Ratio            : 100
BRAM Utilization Ratio             : 100
Verilog 2001                       : YES
Auto BRAM Packing                  : NO
Slice Utilization Ratio Delta      : 5

=========================================================================


=========================================================================
*                          HDL Compilation                              *
=========================================================================
Compiling verilog file "my_alu.v" in library work
Module <my_alu> compiled
No errors in compilation
Analysis of file <"my_alu.prj"> succeeded.
 

=========================================================================
*                     Design Hierarchy Analysis                         *
=========================================================================
Analyzing hierarchy for module <my_alu> in library <work> with parameters.
	NUMBITS = "00000000000000000000000000100000"


=========================================================================
*                            HDL Analysis                               *
=========================================================================
Analyzing top module <my_alu>.
	NUMBITS = 32'sb00000000000000000000000000100000
Module <my_alu> is correct for synthesis.
 

=========================================================================
*                           HDL Synthesis                               *
=========================================================================

Performing bidirectional port resolution...

Synthesizing Unit <my_alu>.
    Related source file is "my_alu.v".
WARNING:Xst:1306 - Output <carryout> is never assigned.
WARNING:Xst:1306 - Output <overflow> is never assigned.
    Found 32-bit register for signal <result>.
    Found 1-bit register for signal <zero>.
    Found 32-bit 8-to-1 multiplexer for signal <c_result>.
    Found 32-bit addsub for signal <c_result$addsub0000>.
    Found 32-bit xor2 for signal <c_result$xor0000> created at line 44.
    Summary:
	inferred  33 D-type flip-flop(s).
	inferred   1 Adder/Subtractor(s).
	inferred  32 Multiplexer(s).
Unit <my_alu> synthesized.

INFO:Xst:1767 - HDL ADVISOR - Resource sharing has identified that some arithmetic operations in this design can share the same physical resources for reduced device utilization. For improved clock frequency you may try to disable resource sharing.

=========================================================================
HDL Synthesis Report

Macro Statistics
# Adders/Subtractors                                   : 1
 32-bit addsub                                         : 1
# Registers                                            : 2
 1-bit register                                        : 1
 32-bit register                                       : 1
# Multiplexers                                         : 1
 32-bit 8-to-1 multiplexer                             : 1
# Xors                                                 : 1
 32-bit xor2                                           : 1

=========================================================================

=========================================================================
*                       Advanced HDL Synthesis                          *
=========================================================================


=========================================================================
Advanced HDL Synthesis Report

Macro Statistics
# Adders/Subtractors                                   : 1
 32-bit addsub                                         : 1
# Registers                                            : 33
 Flip-Flops                                            : 33
# Multiplexers                                         : 1
 32-bit 8-to-1 multiplexer                             : 1
# Xors                                                 : 1
 32-bit xor2                                           : 1

=========================================================================

=========================================================================
*                         Low Level Synthesis                           *
=========================================================================

Optimizing unit <my_alu> ...

Mapping all equations...
Building and optimizing final netlist ...
Found area constraint ratio of 100 (+ 5) on block my_alu, actual ratio is 13.

Final Macro Processing ...

=========================================================================
Final Register Report

Macro Statistics
# Registers                                            : 33
 Flip-Flops                                            : 33

=========================================================================

=========================================================================
*                           Partition Report                            *
=========================================================================

Partition Implementation Status
-------------------------------

  No Partitions were found in this design.

-------------------------------

=========================================================================
*                            Final Report                               *
=========================================================================
Final Results
RTL Top Level Output File Name     : my_alu.ngr
Top Level Output File Name         : my_alu
Output Format                      : NGC
Optimization Goal                  : Speed
Keep Hierarchy                     : No

Design Statistics
# IOs                              : 104

Cell Usage :
# BELS                             : 242
#      GND                         : 1
#      LUT2                        : 1
#      LUT3                        : 63
#      LUT4                        : 72
#      MUXCY                       : 40
#      MUXF5                       : 32
#      VCC                         : 1
#      XORCY                       : 32
# FlipFlops/Latches                : 33
#      FDR                         : 33
# Clock Buffers                    : 1
#      BUFGP                       : 1
# IO Buffers                       : 101
#      IBUF                        : 68
#      OBUF                        : 33
=========================================================================

Device utilization summary:
---------------------------

Selected Device : 3s100evq100-5 

 Number of Slices:                       71  out of    960     7%  
 Number of 4 input LUTs:                136  out of   1920     7%  
 Number of IOs:                         104
 Number of bonded IOBs:                 102  out of     66   154% (*) 
    IOB Flip Flops:                      33
 Number of GCLKs:                         1  out of     24     4%  

WARNING:Xst:1336 -  (*) More than 100% of Device resources are used

---------------------------
Partition Resource Summary:
---------------------------

  No Partitions were found in this design.

---------------------------


=========================================================================
TIMING REPORT

NOTE: THESE TIMING NUMBERS ARE ONLY A SYNTHESIS ESTIMATE.
      FOR ACCURATE TIMING INFORMATION PLEASE REFER TO THE TRACE REPORT
      GENERATED AFTER PLACE-and-ROUTE.

Clock Information:
------------------
-----------------------------------+------------------------+-------+
Clock Signal                       | Clock buffer(FF name)  | Load  |
-----------------------------------+------------------------+-------+
clk                                | BUFGP                  | 33    |
-----------------------------------+------------------------+-------+

Asynchronous Control Signals Information:
----------------------------------------
No asynchronous control signals found in this design

Timing Summary:
---------------
Speed Grade: -5

   Minimum period: No path found
   Minimum input arrival time before clock: 9.476ns
   Maximum output required time after clock: 4.040ns
   Maximum combinational path delay: No path found

Timing Detail:
--------------
All values displayed in nanoseconds (ns)

=========================================================================
Timing constraint: Default OFFSET IN BEFORE for Clock 'clk'
  Total number of paths / destination ports: 5945 / 65
-------------------------------------------------------------------------
Offset:              9.476ns (Levels of Logic = 35)
  Source:            opcode<1> (PAD)
  Destination:       zero (FF)
  Destination Clock: clk rising

  Data Path: opcode<1> to zero
                                Gate     Net
    Cell:in->out      fanout   Delay   Delay  Logical Name (Net Name)
    ----------------------------------------  ------------
     IBUF:I->O            65   1.106   1.234  opcode_1_IBUF (opcode_1_IBUF)
     LUT2:I0->O            1   0.612   0.357  c_result_mux00002 (c_result_mux0000)
     MUXCY:CI->O           1   0.051   0.000  Maddsub_c_result_addsub0000_cy<0> (Maddsub_c_result_addsub0000_cy<0>)
     MUXCY:CI->O           1   0.051   0.000  Maddsub_c_result_addsub0000_cy<1> (Maddsub_c_result_addsub0000_cy<1>)
     MUXCY:CI->O           1   0.051   0.000  Maddsub_c_result_addsub0000_cy<2> (Maddsub_c_result_addsub0000_cy<2>)
     MUXCY:CI->O           1   0.051   0.000  Maddsub_c_result_addsub0000_cy<3> (Maddsub_c_result_addsub0000_cy<3>)
     MUXCY:CI->O           1   0.051   0.000  Maddsub_c_result_addsub0000_cy<4> (Maddsub_c_result_addsub0000_cy<4>)
     MUXCY:CI->O           1   0.051   0.000  Maddsub_c_result_addsub0000_cy<5> (Maddsub_c_result_addsub0000_cy<5>)
     MUXCY:CI->O           1   0.051   0.000  Maddsub_c_result_addsub0000_cy<6> (Maddsub_c_result_addsub0000_cy<6>)
     MUXCY:CI->O           1   0.051   0.000  Maddsub_c_result_addsub0000_cy<7> (Maddsub_c_result_addsub0000_cy<7>)
     MUXCY:CI->O           1   0.051   0.000  Maddsub_c_result_addsub0000_cy<8> (Maddsub_c_result_addsub0000_cy<8>)
     MUXCY:CI->O           1   0.051   0.000  Maddsub_c_result_addsub0000_cy<9> (Maddsub_c_result_addsub0000_cy<9>)
     MUXCY:CI->O           1   0.051   0.000  Maddsub_c_result_addsub0000_cy<10> (Maddsub_c_result_addsub0000_cy<10>)
     MUXCY:CI->O           1   0.051   0.000  Maddsub_c_result_addsub0000_cy<11> (Maddsub_c_result_addsub0000_cy<11>)
     MUXCY:CI->O           1   0.051   0.000  Maddsub_c_result_addsub0000_cy<12> (Maddsub_c_result_addsub0000_cy<12>)
     MUXCY:CI->O           1   0.051   0.000  Maddsub_c_result_addsub0000_cy<13> (Maddsub_c_result_addsub0000_cy<13>)
     MUXCY:CI->O           1   0.051   0.000  Maddsub_c_result_addsub0000_cy<14> (Maddsub_c_result_addsub0000_cy<14>)
     MUXCY:CI->O           1   0.051   0.000  Maddsub_c_result_addsub0000_cy<15> (Maddsub_c_result_addsub0000_cy<15>)
     MUXCY:CI->O           1   0.051   0.000  Maddsub_c_result_addsub0000_cy<16> (Maddsub_c_result_addsub0000_cy<16>)
     MUXCY:CI->O           1   0.051   0.000  Maddsub_c_result_addsub0000_cy<17> (Maddsub_c_result_addsub0000_cy<17>)
     MUXCY:CI->O           1   0.051   0.000  Maddsub_c_result_addsub0000_cy<18> (Maddsub_c_result_addsub0000_cy<18>)
     MUXCY:CI->O           1   0.051   0.000  Maddsub_c_result_addsub0000_cy<19> (Maddsub_c_result_addsub0000_cy<19>)
     MUXCY:CI->O           1   0.051   0.000  Maddsub_c_result_addsub0000_cy<20> (Maddsub_c_result_addsub0000_cy<20>)
     MUXCY:CI->O           1   0.051   0.000  Maddsub_c_result_addsub0000_cy<21> (Maddsub_c_result_addsub0000_cy<21>)
     XORCY:CI->O           1   0.699   0.426  Maddsub_c_result_addsub0000_xor<22> (c_result_addsub0000<22>)
     LUT3:I1->O            2   0.612   0.532  opcode<2>141 (c_result<22>)
     LUT4:I0->O            1   0.612   0.000  zero_or0000_wg_lut<1> (zero_or0000_wg_lut<1>)
     MUXCY:S->O            1   0.404   0.000  zero_or0000_wg_cy<1> (zero_or0000_wg_cy<1>)
     MUXCY:CI->O           1   0.051   0.000  zero_or0000_wg_cy<2> (zero_or0000_wg_cy<2>)
     MUXCY:CI->O           1   0.051   0.000  zero_or0000_wg_cy<3> (zero_or0000_wg_cy<3>)
     MUXCY:CI->O           1   0.051   0.000  zero_or0000_wg_cy<4> (zero_or0000_wg_cy<4>)
     MUXCY:CI->O           1   0.051   0.000  zero_or0000_wg_cy<5> (zero_or0000_wg_cy<5>)
     MUXCY:CI->O           1   0.051   0.000  zero_or0000_wg_cy<6> (zero_or0000_wg_cy<6>)
     MUXCY:CI->O           1   0.051   0.000  zero_or0000_wg_cy<7> (zero_or0000_wg_cy<7>)
     MUXCY:CI->O           1   0.289   0.357  zero_or0000_wg_cy<8> (zero_or0000)
     FDR:R                     0.795          zero
    ----------------------------------------
    Total                      9.476ns (6.570ns logic, 2.906ns route)
                                       (69.3% logic, 30.7% route)

=========================================================================
Timing constraint: Default OFFSET OUT AFTER for Clock 'clk'
  Total number of paths / destination ports: 33 / 33
-------------------------------------------------------------------------
Offset:              4.040ns (Levels of Logic = 1)
  Source:            zero (FF)
  Destination:       zero (PAD)
  Source Clock:      clk rising

  Data Path: zero to zero
                                Gate     Net
    Cell:in->out      fanout   Delay   Delay  Logical Name (Net Name)
    ----------------------------------------  ------------
     FDR:C->Q              1   0.514   0.357  zero (zero_OBUF)
     OBUF:I->O                 3.169          zero_OBUF (zero)
    ----------------------------------------
    Total                      4.040ns (3.683ns logic, 0.357ns route)
                                       (91.2% logic, 8.8% route)

=========================================================================


Total REAL time to Xst completion: 4.00 secs
Total CPU time to Xst completion: 4.03 secs
 
--> 


Total memory usage is 614280 kilobytes

Number of errors   :    0 (   0 filtered)
Number of warnings :    3 (   0 filtered)
Number of infos    :    1 (   0 filtered)

