Command line:
   myalutb_isim_beh.exe
     -simmode  gui
     -simrunnum  0
     -socket  43370

Wed Jan 17 15:48:58 2018


 Elaboration Time: 0.03 sec

 Current Memory Usage: 212.378 Meg

 Total Signals          : 22
 Total Nets             : 45
 Total Signal Drivers   : 14
 Total Blocks           : 3
 Total Primitive Blocks : 2
 Total Processes        : 19
 Total Traceable Variables  : 31
 Total Scalar Nets and Variables : 237
Total Line Count : 279

 Total Simulation Time: 0.03 sec

 Current Memory Usage: 287.879 Meg

Wed Jan 17 15:52:09 2018

